<?xml version="1.0" encoding="UTF-8"?>
<!-- Generated by org.testng.reporters.JUnitReportReporter -->
<testsuite skipped="0" hostname="hydws72702" name="memdesk.FlowTest" tests="2" failures="0" timestamp="05 Mar 2019 04:43:44 GMT" time="0.018" errors="0">
  <testcase name="pageTitle1" time="0.014" classname="memdesk.FlowTest"/>
  <testcase name="pageTitle2" time="0.004" classname="memdesk.FlowTest"/>
</testsuite> <!-- memdesk.FlowTest -->
