<?xml version="1.0" encoding="UTF-8"?>
<!-- Generated by org.testng.reporters.JUnitReportReporter -->
<testsuite skipped="0" hostname="hydws72702" name="memdesk.Groups" tests="3" failures="0" timestamp="27 Feb 2019 06:10:50 GMT" time="0.020" errors="0">
  <testcase name="tc_5" time="0.015" classname="memdesk.Groups"/>
  <testcase name="tc_7" time="0.002" classname="memdesk.Groups"/>
  <testcase name="tc_6" time="0.003" classname="memdesk.Groups"/>
</testsuite> <!-- memdesk.Groups -->
