<?xml version="1.0" encoding="UTF-8"?>
<!-- Generated by org.testng.reporters.JUnitReportReporter -->
<testsuite skipped="0" hostname="hydws72702" name="memdesk.FlowTest" tests="2" failures="0" timestamp="27 Feb 2019 06:37:51 GMT" time="0.023" errors="0">
  <testcase name="pageTitle1" time="0.019" classname="memdesk.FlowTest"/>
  <testcase name="pageTitle2" time="0.004" classname="memdesk.FlowTest"/>
</testsuite> <!-- memdesk.FlowTest -->
