<?xml version="1.0" encoding="UTF-8"?>
<!-- Generated by org.testng.reporters.JUnitReportReporter -->
<testsuite skipped="0" hostname="hydws72702" name="checks.Checks123" tests="2" failures="0" timestamp="07 Mar 2019 04:23:18 GMT" time="0.014" errors="0">
  <testcase name="test_2" time="0.001" classname="checks.Checks123"/>
  <testcase name="test_1" time="0.013" classname="checks.Checks123"/>
</testsuite> <!-- checks.Checks123 -->
