<?xml version="1.0" encoding="UTF-8"?>
<!-- Generated by org.testng.reporters.JUnitReportReporter -->
<testsuite skipped="0" hostname="hydws72702" name="seleniumlearning.NewTest" tests="1" failures="0" timestamp="18 Dec 2018 04:46:58 GMT" time="0.027" errors="0">
  <testcase name="f" time="0.027" classname="seleniumlearning.NewTest"/>
</testsuite> <!-- seleniumlearning.NewTest -->
