<?xml version="1.0" encoding="UTF-8"?>
<!-- Generated by org.testng.reporters.JUnitReportReporter -->
<testsuite skipped="0" hostname="hydws72702" name="checks.MyCases" tests="2" failures="0" timestamp="19 Mar 2019 08:31:17 GMT" time="6.345" errors="0">
  <testcase name="test_1b" time="2.482" classname="checks.MyCases"/>
  <testcase name="test_1a" time="3.863" classname="checks.MyCases"/>
</testsuite> <!-- checks.MyCases -->
