<?xml version="1.0" encoding="UTF-8"?>
<!-- Generated by org.testng.reporters.JUnitReportReporter -->
<testsuite skipped="0" hostname="hydws72702" name="seleniumlearning.Annotations" tests="2" failures="0" timestamp="12 Dec 2018 04:56:21 GMT" time="0.019" errors="0">
  <testcase name="tc2" time="0.003" classname="seleniumlearning.Annotations"/>
  <testcase name="tc1" time="0.016" classname="seleniumlearning.Annotations"/>
</testsuite> <!-- seleniumlearning.Annotations -->
