<?xml version="1.0" encoding="UTF-8"?>
<!-- Generated by org.testng.reporters.JUnitReportReporter -->
<testsuite skipped="0" hostname="hydws72702" name="seleniumlearning.TestScript" tests="1" failures="0" timestamp="16 Jan 2019 11:20:45 GMT" time="110.691" errors="0">
  <testcase name="test2" time="110.691" classname="seleniumlearning.TestScript"/>
</testsuite> <!-- seleniumlearning.TestScript -->
